<?xml version="1.0" encoding="UTF-8"?>
<testng-results skipped="0" failed="0" ignored="2" total="3" passed="1">
  <reporter-output>
  </reporter-output>
  <suite name="Suite" duration-ms="12039" started-at="2018-02-19T13:32:08Z" finished-at="2018-02-19T13:32:20Z">
    <groups>
    </groups>
    <test name="Test" duration-ms="12039" started-at="2018-02-19T13:32:08Z" finished-at="2018-02-19T13:32:20Z">
      <class name="scenarios.test.GoogleTest">
        <test-method status="PASS" signature="initializeTestBaseSetup()[pri:0, instance:scenarios.test.GoogleTest@15530b9]" name="initializeTestBaseSetup" is-config="true" duration-ms="8411" started-at="2018-02-19T19:02:08Z" finished-at="2018-02-19T19:02:17Z">
          <reporter-output>
          </reporter-output>
        </test-method> <!-- initializeTestBaseSetup -->
        <test-method status="PASS" signature="seearchImages()[pri:2, instance:scenarios.test.GoogleTest@15530b9]" name="seearchImages" duration-ms="3608" started-at="2018-02-19T19:02:17Z" finished-at="2018-02-19T19:02:20Z">
          <reporter-output>
          </reporter-output>
        </test-method> <!-- seearchImages -->
      </class> <!-- scenarios.test.GoogleTest -->
    </test> <!-- Test -->
  </suite> <!-- Suite -->
</testng-results>
