<?xml version="1.0" encoding="UTF-8"?>
<testng-results skipped="0" failed="1" ignored="0" total="3" passed="2">
  <reporter-output>
  </reporter-output>
  <suite name="Default suite" duration-ms="32135" started-at="2018-02-21T12:56:37Z" finished-at="2018-02-21T12:57:09Z">
    <groups>
    </groups>
    <test name="Default test" duration-ms="32135" started-at="2018-02-21T12:56:37Z" finished-at="2018-02-21T12:57:09Z">
      <class name="scenarios.test.GoogleTest">
        <test-method status="PASS" signature="initializeTestBaseSetup()[pri:0, instance:scenarios.test.GoogleTest@cb5822]" name="initializeTestBaseSetup" is-config="true" duration-ms="8947" started-at="2018-02-21T18:26:37Z" finished-at="2018-02-21T18:26:46Z">
          <reporter-output>
          </reporter-output>
        </test-method> <!-- initializeTestBaseSetup -->
        <test-method status="PASS" signature="definePhrase()[pri:1, instance:scenarios.test.GoogleTest@cb5822]" name="definePhrase" duration-ms="1326" started-at="2018-02-21T18:26:46Z" description="Phrase Search" finished-at="2018-02-21T18:26:47Z">
          <reporter-output>
          </reporter-output>
        </test-method> <!-- definePhrase -->
        <test-method status="PASS" signature="closeBrowser()[pri:0, instance:scenarios.test.GoogleTest@cb5822]" name="closeBrowser" is-config="true" duration-ms="95" started-at="2018-02-21T18:26:47Z" finished-at="2018-02-21T18:26:47Z">
          <reporter-output>
          </reporter-output>
        </test-method> <!-- closeBrowser -->
        <test-method status="PASS" signature="initializeTestBaseSetup()[pri:0, instance:scenarios.test.GoogleTest@cb5822]" name="initializeTestBaseSetup" is-config="true" duration-ms="7591" started-at="2018-02-21T18:26:47Z" finished-at="2018-02-21T18:26:55Z">
          <reporter-output>
          </reporter-output>
        </test-method> <!-- initializeTestBaseSetup -->
        <test-method status="PASS" signature="googleSearch()[pri:1, instance:scenarios.test.GoogleTest@cb5822]" name="googleSearch" duration-ms="1935" started-at="2018-02-21T18:26:55Z" description="Basic Search" finished-at="2018-02-21T18:26:57Z">
          <reporter-output>
          </reporter-output>
        </test-method> <!-- googleSearch -->
        <test-method status="PASS" signature="closeBrowser()[pri:0, instance:scenarios.test.GoogleTest@cb5822]" name="closeBrowser" is-config="true" duration-ms="125" started-at="2018-02-21T18:26:57Z" finished-at="2018-02-21T18:26:57Z">
          <reporter-output>
          </reporter-output>
        </test-method> <!-- closeBrowser -->
        <test-method status="PASS" signature="initializeTestBaseSetup()[pri:0, instance:scenarios.test.GoogleTest@cb5822]" name="initializeTestBaseSetup" is-config="true" duration-ms="7746" started-at="2018-02-21T18:26:57Z" finished-at="2018-02-21T18:27:04Z">
          <reporter-output>
          </reporter-output>
        </test-method> <!-- initializeTestBaseSetup -->
        <test-method status="FAIL" signature="seearchImages()[pri:2, instance:scenarios.test.GoogleTest@cb5822]" name="seearchImages" duration-ms="4198" started-at="2018-02-21T18:27:04Z" description="Images Search" finished-at="2018-02-21T18:27:09Z">
          <exception class="java.lang.NullPointerException">
            <full-stacktrace>
              <![CDATA[java.lang.NullPointerExceptionat java.io.FileOutputStream.<init>(Unknown Source)at java.io.FileOutputStream.<init>(Unknown Source)at searches.GoogleSearch.saveImage(GoogleSearch.java:120)at searches.GoogleSearch.searchImagesFor(GoogleSearch.java:107)at scenarios.test.GoogleTest.seearchImages(GoogleTest.java:47)at sun.reflect.NativeMethodAccessorImpl.invoke0(Native Method)at sun.reflect.NativeMethodAccessorImpl.invoke(Unknown Source)at sun.reflect.DelegatingMethodAccessorImpl.invoke(Unknown Source)at java.lang.reflect.Method.invoke(Unknown Source)at org.testng.internal.MethodInvocationHelper.invokeMethod(MethodInvocationHelper.java:124)at org.testng.internal.Invoker.invokeMethod(Invoker.java:571)at org.testng.internal.Invoker.invokeTestMethod(Invoker.java:707)at org.testng.internal.Invoker.invokeTestMethods(Invoker.java:979)at org.testng.internal.TestMethodWorker.invokeTestMethods(TestMethodWorker.java:125)at org.testng.internal.TestMethodWorker.run(TestMethodWorker.java:109)at org.testng.TestRunner.privateRun(TestRunner.java:648)at org.testng.TestRunner.run(TestRunner.java:505)at org.testng.SuiteRunner.runTest(SuiteRunner.java:455)at org.testng.SuiteRunner.runSequentially(SuiteRunner.java:450)at org.testng.SuiteRunner.privateRun(SuiteRunner.java:415)at org.testng.SuiteRunner.run(SuiteRunner.java:364)at org.testng.SuiteRunnerWorker.runSuite(SuiteRunnerWorker.java:52)at org.testng.SuiteRunnerWorker.run(SuiteRunnerWorker.java:84)at org.testng.TestNG.runSuitesSequentially(TestNG.java:1187)at org.testng.TestNG.runSuitesLocally(TestNG.java:1116)at org.testng.TestNG.runSuites(TestNG.java:1028)at org.testng.TestNG.run(TestNG.java:996)at org.testng.remote.AbstractRemoteTestNG.run(AbstractRemoteTestNG.java:114)at org.testng.remote.RemoteTestNG.initAndRun(RemoteTestNG.java:251)at org.testng.remote.RemoteTestNG.main(RemoteTestNG.java:77)]]>
            </full-stacktrace>
          </exception> <!-- java.lang.NullPointerException -->
          <reporter-output>
          </reporter-output>
        </test-method> <!-- seearchImages -->
        <test-method status="PASS" signature="closeBrowser()[pri:0, instance:scenarios.test.GoogleTest@cb5822]" name="closeBrowser" is-config="true" duration-ms="109" started-at="2018-02-21T18:27:09Z" finished-at="2018-02-21T18:27:09Z">
          <reporter-output>
          </reporter-output>
        </test-method> <!-- closeBrowser -->
      </class> <!-- scenarios.test.GoogleTest -->
    </test> <!-- Default test -->
  </suite> <!-- Default suite -->
</testng-results>
