<?xml version="1.0" encoding="UTF-8"?>
<!-- Generated by org.testng.reporters.JUnitXMLReporter -->
<testsuite hostname="DLDA0127" ignored="0" name="Command line test" tests="6" failures="1" timestamp="21 Feb 2018 09:58:59 GMT" time="61.422" errors="0">
  <testcase name="BingSearch" time="1.538" classname="scenarios.test.BingTest"/>
  <testcase name="definePhrase" time="1.105" classname="scenarios.test.BingTest"/>
  <testcase name="definePhrase" time="1.22" classname="scenarios.test.GoogleTest"/>
  <testcase name="googleSearch" time="2.445" classname="scenarios.test.GoogleTest"/>
  <testcase name="seearchImages" time="4.325" classname="scenarios.test.BingTest"/>
  <testcase name="seearchImages" time="4.31" classname="scenarios.test.GoogleTest">
    <failure type="java.lang.NullPointerException">
      <![CDATA[java.lang.NullPointerExceptionat java.io.FileOutputStream.<init>(Unknown Source)at java.io.FileOutputStream.<init>(Unknown Source)at searches.GoogleSearch.saveImage(GoogleSearch.java:115)at searches.GoogleSearch.searchImagesFor(GoogleSearch.java:102)at scenarios.test.GoogleTest.seearchImages(GoogleTest.java:47)... Removed 35 stack frames]]>
    </failure>
  </testcase> <!-- seearchImages -->
</testsuite> <!-- Command line test -->
