<?xml version="1.0" encoding="UTF-8"?>
<testng-results skipped="0" failed="0" ignored="2" total="3" passed="1">
  <reporter-output>
  </reporter-output>
  <suite name="Suite" duration-ms="16296" started-at="2018-02-16T08:36:49Z" finished-at="2018-02-16T08:37:05Z">
    <groups>
    </groups>
    <test name="Test" duration-ms="16296" started-at="2018-02-16T08:36:49Z" finished-at="2018-02-16T08:37:05Z">
      <class name="scenarios.test.TestScenarios">
        <test-method status="PASS" signature="initializeTestBaseSetup()[pri:0, instance:scenarios.test.TestScenarios@78c730]" name="initializeTestBaseSetup" is-config="true" duration-ms="10200" started-at="2018-02-16T14:06:49Z" finished-at="2018-02-16T14:06:59Z">
          <reporter-output>
          </reporter-output>
        </test-method> <!-- initializeTestBaseSetup -->
        <test-method status="PASS" signature="seearchImages()[pri:2, instance:scenarios.test.TestScenarios@78c730]" name="seearchImages" duration-ms="6064" started-at="2018-02-16T14:06:59Z" finished-at="2018-02-16T14:07:05Z">
          <reporter-output>
          </reporter-output>
        </test-method> <!-- seearchImages -->
      </class> <!-- scenarios.test.TestScenarios -->
    </test> <!-- Test -->
  </suite> <!-- Suite -->
</testng-results>
