<?xml version="1.0" encoding="UTF-8" ?>
<testsuite tests="6" failures="1" name="TestSuite" time="14.937" errors="0" skipped="0">
  <properties>
[...]
</properties>
  <testcase classname="scenarios.test.BingTest" name="BingSearch" time="1.528"/>
  <testcase classname="scenarios.test.BingTest" name="definePhrase" time="1.105"/>
  <testcase classname="scenarios.test.GoogleTest" name="definePhrase" time="1.22"/>
  <testcase classname="scenarios.test.GoogleTest" name="googleSearch" time="2.445"/>
  <testcase classname="scenarios.test.BingTest" name="seearchImages" time="4.326"/>
  <testcase classname="scenarios.test.GoogleTest" name="seearchImages" time="4.313">
    <failure type="java.lang.NullPointerException">java.lang.NullPointerException
	at java.io.FileOutputStream.&lt;init&gt;(Unknown Source)
	at java.io.FileOutputStream.&lt;init&gt;(Unknown Source)
	at searches.GoogleSearch.saveImage(GoogleSearch.java:115)
	at searches.GoogleSearch.searchImagesFor(GoogleSearch.java:102)
	at scenarios.test.GoogleTest.seearchImages(GoogleTest.java:47)
</failure>
    <system-err>1519207127252	geckodriver	INFO	geckodriver 0.19.1 (0000000000000000000000000000000000000000 2017-10-31)
1519207127263	geckodriver	INFO	Listening on 127.0.0.1:44139
1519207127753	mozrunner::runner	INFO	Running command: &quot;C:\\Program Files\\Mozilla Firefox\\firefox.exe&quot; &quot;-marionette&quot; &quot;-profile&quot; &quot;C:\\Users\\PRADEE~1\\AppData\\Local\\Temp\\rust_mozprofile.dUJEK1QZ8Std&quot;
1519207128704	Marionette	INFO	Enabled via --marionette
1519207131407	Marionette	INFO	Listening on port 64280
1519207131508	Marionette	WARN	TLS certificate errors will be ignored for this session
Feb 21, 2018 3:28:51 PM org.openqa.selenium.remote.ProtocolHandshake createSession
INFO: Detected dialect: W3C
</system-err>
  </testcase>
</testsuite>