<?xml version="1.0" encoding="UTF-8"?>
<!-- Generated by org.testng.reporters.JUnitXMLReporter -->
<testsuite hostname="DLDA0127" ignored="0" name="Default test" tests="3" failures="0" timestamp="20 Feb 2018 11:10:04 GMT" time="99.431" errors="0">
  <testcase name="BingSearch" time="2.458" classname="scenarios.test.BingTest"/>
  <testcase name="definePhrase" time="1.078" classname="scenarios.test.BingTest"/>
  <testcase name="seearchImages" time="6.41" classname="scenarios.test.BingTest"/>
</testsuite> <!-- Default test -->
