<?xml version="1.0" encoding="UTF-8"?>
<!-- Generated by org.testng.reporters.JUnitXMLReporter -->
<testsuite hostname="DLDA0127" ignored="2" name="Test" tests="1" failures="0" timestamp="16 Feb 2018 12:04:25 GMT" time="22.22" errors="0">
  <testcase name="seearchImages" time="5.852" classname="scenarios.test.TestScenarios"/>
  <testcase name="definePhrase" time="0.0" classname="scenarios.test.TestScenarios">
    <ignored/>
  </testcase> <!-- definePhrase -->
  <testcase name="googleSearch" time="0.0" classname="scenarios.test.TestScenarios">
    <ignored/>
  </testcase> <!-- googleSearch -->
</testsuite> <!-- Test -->
