<?xml version="1.0" encoding="UTF-8"?>
<testng-results skipped="0" failed="0" ignored="0" total="2" passed="2">
  <reporter-output>
  </reporter-output>
  <suite name="Suite" duration-ms="85748" started-at="2018-02-09T08:32:26Z" finished-at="2018-02-09T08:33:52Z">
    <groups>
    </groups>
    <test name="Test" duration-ms="85748" started-at="2018-02-09T08:32:26Z" finished-at="2018-02-09T08:33:52Z">
      <class name="testScenarios.irctcTestScenarios">
        <test-method status="PASS" signature="TC01(java.lang.String)[pri:0, instance:testScenarios.irctcTestScenarios@38203]" name="TC01" duration-ms="70383" started-at="2018-02-09T14:02:26Z" description="This test for One Way Trip" finished-at="2018-02-09T14:03:36Z">
          <params>
            <param index="0">
              <value>
                <![CDATA[FF]]>
              </value>
            </param>
          </params>
          <reporter-output>
          </reporter-output>
        </test-method> <!-- TC01 -->
        <test-method status="PASS" signature="TC02()[pri:0, instance:testScenarios.irctcTestScenarios@38203]" name="TC02" duration-ms="15317" started-at="2018-02-09T14:03:36Z" description="This test for Round Trip" finished-at="2018-02-09T14:03:52Z">
          <reporter-output>
          </reporter-output>
        </test-method> <!-- TC02 -->
      </class> <!-- testScenarios.irctcTestScenarios -->
    </test> <!-- Test -->
  </suite> <!-- Suite -->
</testng-results>
