<?xml version="1.0" encoding="UTF-8"?>
<!-- Generated by org.testng.reporters.JUnitXMLReporter -->
<testsuite hostname="DLDA0127" ignored="0" name="Bing Scnearios Test" tests="3" failures="0" timestamp="20 Feb 2018 11:17:22 GMT" time="28.378" errors="0">
  <testcase name="BingSearch" time="1.646" classname="scenarios.test.BingTest"/>
  <testcase name="definePhrase" time="0.986" classname="scenarios.test.BingTest"/>
  <testcase name="seearchImages" time="3.759" classname="scenarios.test.BingTest"/>
</testsuite> <!-- Bing Scnearios Test -->
