<?xml version="1.0" encoding="UTF-8"?>
<!-- Generated by org.testng.reporters.JUnitXMLReporter -->
<testsuite hostname="DLDA0127" ignored="0" name="Bing Scnearios Test" tests="3" failures="0" timestamp="21 Feb 2018 07:01:46 GMT" time="29.116" errors="0">
  <testcase name="BingSearch" time="1.929" classname="scenarios.test.BingTest"/>
  <testcase name="definePhrase" time="1.257" classname="scenarios.test.BingTest"/>
  <testcase name="seearchImages" time="4.126" classname="scenarios.test.BingTest"/>
</testsuite> <!-- Bing Scnearios Test -->
