<?xml version="1.0" encoding="UTF-8"?>
<!-- Generated by org.testng.reporters.JUnitXMLReporter -->
<testsuite hostname="DLDA0127" ignored="0" name="Google Scnearios Test" tests="3" failures="0" timestamp="21 Feb 2018 07:01:17 GMT" time="46.558" errors="0">
  <testcase name="googleSearch" time="2.783" classname="scenarios.test.GoogleTest"/>
  <testcase name="definePhrase" time="1.476" classname="scenarios.test.GoogleTest"/>
  <testcase name="seearchImages" time="5.477" classname="scenarios.test.GoogleTest"/>
</testsuite> <!-- Google Scnearios Test -->
