<?xml version="1.0" encoding="UTF-8"?>
<!-- Generated by org.testng.reporters.JUnitXMLReporter -->
<testsuite hostname="DLDA0127" ignored="0" name="Google Scnearios Test" tests="3" failures="0" timestamp="20 Feb 2018 11:16:53 GMT" time="36.446" errors="0">
  <testcase name="googleSearch" time="2.883" classname="scenarios.test.GoogleTest"/>
  <testcase name="definePhrase" time="1.38" classname="scenarios.test.GoogleTest"/>
  <testcase name="seearchImages" time="4.602" classname="scenarios.test.GoogleTest"/>
</testsuite> <!-- Google Scnearios Test -->
