<?xml version="1.0" encoding="UTF-8"?>
<!-- Generated by org.testng.reporters.JUnitXMLReporter -->
<testsuite hostname="DLDA0127" ignored="0" name="Test" tests="3" failures="0" timestamp="20 Feb 2018 10:44:58 GMT" time="32.131" errors="0">
  <testcase name="googleSearch" time="2.454" classname="scenarios.test.GoogleTest"/>
  <testcase name="definePhrase" time="1.202" classname="scenarios.test.GoogleTest"/>
  <testcase name="seearchImages" time="4.03" classname="scenarios.test.GoogleTest"/>
</testsuite> <!-- Test -->
