<?xml version="1.0" encoding="UTF-8"?>
<!-- Generated by org.testng.reporters.JUnitXMLReporter -->
<testsuite hostname="DLDA0127" ignored="2" name="Test" tests="1" failures="0" timestamp="19 Feb 2018 13:32:20 GMT" time="12.039" errors="0">
  <testcase name="seearchImages" time="3.608" classname="scenarios.test.GoogleTest"/>
  <testcase name="definePhrase" time="0.0" classname="scenarios.test.GoogleTest">
    <ignored/>
  </testcase> <!-- definePhrase -->
  <testcase name="googleSearch" time="0.0" classname="scenarios.test.GoogleTest">
    <ignored/>
  </testcase> <!-- googleSearch -->
</testsuite> <!-- Test -->
