<?xml version="1.0" encoding="UTF-8"?>
<testng-results skipped="0" failed="0" ignored="0" total="2" passed="2">
  <reporter-output>
  </reporter-output>
  <suite name="Default suite" duration-ms="3398" started-at="2018-02-14T13:26:18Z" finished-at="2018-02-14T13:26:21Z">
    <groups>
    </groups>
    <test name="Default test" duration-ms="3398" started-at="2018-02-14T13:26:18Z" finished-at="2018-02-14T13:26:21Z">
      <class name="Examples.restAssuredExample">
        <test-method status="PASS" signature="GetWeatherDetails()[pri:0, instance:Examples.restAssuredExample@1832929]" name="GetWeatherDetails" duration-ms="2498" started-at="2018-02-14T18:56:18Z" finished-at="2018-02-14T18:56:20Z">
          <reporter-output>
          </reporter-output>
        </test-method> <!-- GetWeatherDetails -->
        <test-method status="PASS" signature="test_NumberOfCircuitsFor2017Season_ShouldBe20()[pri:0, instance:Examples.restAssuredExample@1832929]" name="test_NumberOfCircuitsFor2017Season_ShouldBe20" duration-ms="870" started-at="2018-02-14T18:56:20Z" finished-at="2018-02-14T18:56:21Z">
          <reporter-output>
          </reporter-output>
        </test-method> <!-- test_NumberOfCircuitsFor2017Season_ShouldBe20 -->
      </class> <!-- Examples.restAssuredExample -->
    </test> <!-- Default test -->
  </suite> <!-- Default suite -->
</testng-results>
